Flow report for ultrasonic-modem-300k
Tue Mar 26 17:57:14 2024
Quartus II Version 9.0 Build 235 06/17/2009 Service Pack 2 SJ Web Edition


---------------------
; Table of Contents ;
---------------------
  1. Legal Notice
  2. Flow Summary
  3. Flow Settings
  4. Flow Non-Default Global Settings
  5. Flow Elapsed Time
  6. Flow OS Summary
  7. Flow Log



----------------
; Legal Notice ;
----------------
Copyright (C) 1991-2009 Altera Corporation
Your use of Altera Corporation's design tools, logic functions 
and other software and tools, and its AMPP partner logic 
functions, and any output files from any of the foregoing 
(including device programming or simulation files), and any 
associated documentation or information are expressly subject 
to the terms and conditions of the Altera Program License 
Subscription Agreement, Altera MegaCore Function License 
Agreement, or other applicable license agreement, including, 
without limitation, that your use is for the sole purpose of 
programming logic devices manufactured by Altera and sold by 
Altera or its authorized distributors.  Please refer to the 
applicable agreement for further details.



+------------------------------------------------------------------------+
; Flow Summary                                                           ;
+-------------------------+----------------------------------------------+
; Flow Status             ; Successful - Tue Mar 26 17:57:14 2024        ;
; Quartus II Version      ; 9.0 Build 235 06/17/2009 SP 2 SJ Web Edition ;
; Revision Name           ; ultrasonic-modem-300k                        ;
; Top-level Entity Name   ; ultrasonicModem300k                          ;
; Family                  ; MAX II                                       ;
; Device                  ; EPM240T100C5                                 ;
; Timing Models           ; Final                                        ;
; Met timing requirements ; Yes                                          ;
; Total logic elements    ; 85 / 240 ( 35 % )                            ;
; Total pins              ; 6 / 80 ( 8 % )                               ;
; Total virtual pins      ; 0                                            ;
; UFM blocks              ; 0 / 1 ( 0 % )                                ;
+-------------------------+----------------------------------------------+


+-------------------------------------------+
; Flow Settings                             ;
+-------------------+-----------------------+
; Option            ; Setting               ;
+-------------------+-----------------------+
; Start date & time ; 03/26/2024 17:57:09   ;
; Main task         ; Compilation           ;
; Revision Name     ; ultrasonic-modem-300k ;
+-------------------+-----------------------+


+---------------------------------------------------------------------------------------------------------------------------------------------------------------------------------+
; Flow Non-Default Global Settings                                                                                                                                                ;
+---------------------------------------+----------------------------------------------------------------------------+-----------------------+-------------+----------------------+
; Assignment Name                       ; Value                                                                      ; Default Value         ; Entity Name ; Section Id           ;
+---------------------------------------+----------------------------------------------------------------------------+-----------------------+-------------+----------------------+
; COMPILER_SIGNATURE_ID                 ; 91754609408.171144702919824                                                ; --                    ; --          ; --                   ;
; EDA_DESIGN_ENTRY_SYNTHESIS_TOOL       ; SYNPLIFY                                                                   ; <None>                ; --          ; --                   ;
; EDA_INPUT_DATA_FORMAT                 ; Vqm                                                                        ; --                    ; --          ; eda_design_synthesis ;
; EDA_LMF_FILE                          ; synplcty.lmf                                                               ; --                    ; --          ; eda_design_synthesis ;
; MAX_CORE_JUNCTION_TEMP                ; 85                                                                         ; --                    ; --          ; --                   ;
; MIN_CORE_JUNCTION_TEMP                ; 0                                                                          ; --                    ; --          ; --                   ;
; MISC_FILE                             ; D:/Program Files (x86)/QuartusII 9/quartus/ultrasonic-modem-300k.dpf       ; --                    ; --          ; --                   ;
; MISC_FILE                             ; D:/Projects/QuartusProject/ultrasonic-modem-300k/ultrasonic-modem-300k.dpf ; --                    ; --          ; --                   ;
; POWER_EXT_SUPPLY_VOLTAGE_TO_REGULATOR ; 3.3V                                                                       ; --                    ; --          ; --                   ;
; TOP_LEVEL_ENTITY                      ; ultrasonicModem300k                                                        ; ultrasonic-modem-300k ; --          ; --                   ;
; USE_GENERATED_PHYSICAL_CONSTRAINTS    ; Off                                                                        ; --                    ; --          ; eda_blast_fpga       ;
+---------------------------------------+----------------------------------------------------------------------------+-----------------------+-------------+----------------------+


+-----------------------------------------------------------------------------------------------------------------------------+
; Flow Elapsed Time                                                                                                           ;
+-------------------------+--------------+-------------------------+---------------------+------------------------------------+
; Module Name             ; Elapsed Time ; Average Processors Used ; Peak Virtual Memory ; Total CPU Time (on all processors) ;
+-------------------------+--------------+-------------------------+---------------------+------------------------------------+
; Analysis & Synthesis    ; 00:00:01     ; 1.0                     ; 228 MB              ; 00:00:00                           ;
; Fitter                  ; 00:00:01     ; 1.0                     ; 266 MB              ; 00:00:00                           ;
; Assembler               ; 00:00:01     ; 1.0                     ; 202 MB              ; 00:00:00                           ;
; Classic Timing Analyzer ; 00:00:01     ; 1.0                     ; 175 MB              ; 00:00:00                           ;
; Total                   ; 00:00:04     ; --                      ; --                  ; 00:00:00                           ;
+-------------------------+--------------+-------------------------+---------------------+------------------------------------+


+------------------------------------------------------------------------------------------+
; Flow OS Summary                                                                          ;
+-------------------------+------------------+---------------+------------+----------------+
; Module Name             ; Machine Hostname ; OS Name       ; OS Version ; Processor type ;
+-------------------------+------------------+---------------+------------+----------------+
; Analysis & Synthesis    ; voidDK0          ; Windows Vista ; 6.2        ; x86_64         ;
; Fitter                  ; voidDK0          ; Windows Vista ; 6.2        ; x86_64         ;
; Assembler               ; voidDK0          ; Windows Vista ; 6.2        ; x86_64         ;
; Classic Timing Analyzer ; voidDK0          ; Windows Vista ; 6.2        ; x86_64         ;
+-------------------------+------------------+---------------+------------+----------------+


------------
; Flow Log ;
------------
quartus_map --read_settings_files=on --write_settings_files=off ultrasonic-modem-300k -c ultrasonic-modem-300k
quartus_fit --read_settings_files=off --write_settings_files=off ultrasonic-modem-300k -c ultrasonic-modem-300k
quartus_asm --read_settings_files=off --write_settings_files=off ultrasonic-modem-300k -c ultrasonic-modem-300k
quartus_tan --read_settings_files=off --write_settings_files=off ultrasonic-modem-300k -c ultrasonic-modem-300k
quartus_eda --read_settings_files=off --write_settings_files=off ultrasonic-modem-300k -c ultrasonic-modem-300k



