Classic Timing Analyzer report for ultrasonic-modem-300k
Tue Mar 26 17:57:13 2024
Quartus II Version 9.0 Build 235 06/17/2009 Service Pack 2 SJ Web Edition


---------------------
; Table of Contents ;
---------------------
  1. Legal Notice
  2. Timing Analyzer Summary
  3. Timing Analyzer Settings
  4. Clock Settings Summary
  5. Parallel Compilation
  6. Clock Setup: 'clk'
  7. tsu
  8. tco
  9. th
 10. Timing Analyzer Messages



----------------
; Legal Notice ;
----------------
Copyright (C) 1991-2009 Altera Corporation
Your use of Altera Corporation's design tools, logic functions 
and other software and tools, and its AMPP partner logic 
functions, and any output files from any of the foregoing 
(including device programming or simulation files), and any 
associated documentation or information are expressly subject 
to the terms and conditions of the Altera Program License 
Subscription Agreement, Altera MegaCore Function License 
Agreement, or other applicable license agreement, including, 
without limitation, that your use is for the sole purpose of 
programming logic devices manufactured by Altera and sold by 
Altera or its authorized distributors.  Please refer to the 
applicable agreement for further details.



+--------------------------------------------------------------------------------------------------------------------------------------------------------------------------------------------------------------+
; Timing Analyzer Summary                                                                                                                                                                                      ;
+------------------------------+-------+---------------+----------------------------------+-----------------------------------------+-----------------------------------+------------+----------+--------------+
; Type                         ; Slack ; Required Time ; Actual Time                      ; From                                    ; To                                ; From Clock ; To Clock ; Failed Paths ;
+------------------------------+-------+---------------+----------------------------------+-----------------------------------------+-----------------------------------+------------+----------+--------------+
; Worst-case tsu               ; N/A   ; None          ; 2.947 ns                         ; enable                                  ; counter_bit[4]                    ; --         ; clk      ; 0            ;
; Worst-case tco               ; N/A   ; None          ; 8.734 ns                         ; fsk_out~reg0                            ; fsk_out                           ; clk        ; --       ; 0            ;
; Worst-case th                ; N/A   ; None          ; -1.357 ns                        ; data_in                                 ; counter_bit[1]                    ; --         ; clk      ; 0            ;
; Clock Setup: 'clk'           ; N/A   ; None          ; 88.14 MHz ( period = 11.345 ns ) ; fsk_demodulator:dem|periods_measured[3] ; fsk_demodulator:dem|period_sum[6] ; clk        ; clk      ; 0            ;
; Total number of failed paths ;       ;               ;                                  ;                                         ;                                   ;            ;          ; 0            ;
+------------------------------+-------+---------------+----------------------------------+-----------------------------------------+-----------------------------------+------------+----------+--------------+


+--------------------------------------------------------------------------------------------------------------------+
; Timing Analyzer Settings                                                                                           ;
+---------------------------------------------------------------------+--------------------+------+----+-------------+
; Option                                                              ; Setting            ; From ; To ; Entity Name ;
+---------------------------------------------------------------------+--------------------+------+----+-------------+
; Device Name                                                         ; EPM240T100C5       ;      ;    ;             ;
; Timing Models                                                       ; Final              ;      ;    ;             ;
; Default hold multicycle                                             ; Same as Multicycle ;      ;    ;             ;
; Cut paths between unrelated clock domains                           ; On                 ;      ;    ;             ;
; Cut off read during write signal paths                              ; On                 ;      ;    ;             ;
; Cut off feedback from I/O pins                                      ; On                 ;      ;    ;             ;
; Report Combined Fast/Slow Timing                                    ; Off                ;      ;    ;             ;
; Ignore Clock Settings                                               ; Off                ;      ;    ;             ;
; Analyze latches as synchronous elements                             ; On                 ;      ;    ;             ;
; Enable Recovery/Removal analysis                                    ; Off                ;      ;    ;             ;
; Enable Clock Latency                                                ; Off                ;      ;    ;             ;
; Use TimeQuest Timing Analyzer                                       ; Off                ;      ;    ;             ;
; Minimum Core Junction Temperature                                   ; 0                  ;      ;    ;             ;
; Maximum Core Junction Temperature                                   ; 85                 ;      ;    ;             ;
; Number of source nodes to report per destination node               ; 10                 ;      ;    ;             ;
; Number of destination nodes to report                               ; 10                 ;      ;    ;             ;
; Number of paths to report                                           ; 200                ;      ;    ;             ;
; Report Minimum Timing Checks                                        ; Off                ;      ;    ;             ;
; Use Fast Timing Models                                              ; Off                ;      ;    ;             ;
; Report IO Paths Separately                                          ; Off                ;      ;    ;             ;
; Perform Multicorner Analysis                                        ; Off                ;      ;    ;             ;
; Reports the worst-case path for each clock domain and analysis      ; Off                ;      ;    ;             ;
; Removes common clock path pessimism (CCPP) during slack computation ; Off                ;      ;    ;             ;
; Output I/O Timing Endpoint                                          ; Near End           ;      ;    ;             ;
+---------------------------------------------------------------------+--------------------+------+----+-------------+


+------------------------------------------------------------------------------------------------------------------------------------------------------------------------------------+
; Clock Settings Summary                                                                                                                                                             ;
+-----------------+--------------------+----------+------------------+---------------+--------------+----------+-----------------------+---------------------+--------+--------------+
; Clock Node Name ; Clock Setting Name ; Type     ; Fmax Requirement ; Early Latency ; Late Latency ; Based on ; Multiply Base Fmax by ; Divide Base Fmax by ; Offset ; Phase offset ;
+-----------------+--------------------+----------+------------------+---------------+--------------+----------+-----------------------+---------------------+--------+--------------+
; clk             ;                    ; User Pin ; None             ; 0.000 ns      ; 0.000 ns     ; --       ; N/A                   ; N/A                 ; N/A    ;              ;
+-----------------+--------------------+----------+------------------+---------------+--------------+----------+-----------------------+---------------------+--------+--------------+


+------------------------------------------+
; Parallel Compilation                     ;
+----------------------------+-------------+
; Processors                 ; Number      ;
+----------------------------+-------------+
; Number detected on machine ; 4           ;
; Maximum allowed            ; 4           ;
;                            ;             ;
; Average used               ; 1.00        ;
; Maximum used               ; 1           ;
;                            ;             ;
; Usage by Processor         ; % Time Used ;
;     1 processor            ; 100.0%      ;
;     2-4 processors         ;   0.0%      ;
+----------------------------+-------------+


+-----------------------------------------------------------------------------------------------------------------------------------------------------------------------------------------------------------------------------------------------------------------------------------------------+
; Clock Setup: 'clk'                                                                                                                                                                                                                                                                            ;
+-----------------------------------------+-----------------------------------------------------+-----------------------------------------+-----------------------------------------+------------+----------+-----------------------------+---------------------------+-------------------------+
; Slack                                   ; Actual fmax (period)                                ; From                                    ; To                                      ; From Clock ; To Clock ; Required Setup Relationship ; Required Longest P2P Time ; Actual Longest P2P Time ;
+-----------------------------------------+-----------------------------------------------------+-----------------------------------------+-----------------------------------------+------------+----------+-----------------------------+---------------------------+-------------------------+
; N/A                                     ; 88.14 MHz ( period = 11.345 ns )                    ; fsk_demodulator:dem|periods_measured[3] ; fsk_demodulator:dem|period_sum[1]       ; clk        ; clk      ; None                        ; None                      ; 10.636 ns               ;
; N/A                                     ; 88.14 MHz ( period = 11.345 ns )                    ; fsk_demodulator:dem|periods_measured[3] ; fsk_demodulator:dem|period_sum[0]       ; clk        ; clk      ; None                        ; None                      ; 10.636 ns               ;
; N/A                                     ; 88.14 MHz ( period = 11.345 ns )                    ; fsk_demodulator:dem|periods_measured[3] ; fsk_demodulator:dem|period_sum[2]       ; clk        ; clk      ; None                        ; None                      ; 10.636 ns               ;
; N/A                                     ; 88.14 MHz ( period = 11.345 ns )                    ; fsk_demodulator:dem|periods_measured[3] ; fsk_demodulator:dem|period_sum[3]       ; clk        ; clk      ; None                        ; None                      ; 10.636 ns               ;
; N/A                                     ; 88.14 MHz ( period = 11.345 ns )                    ; fsk_demodulator:dem|periods_measured[3] ; fsk_demodulator:dem|period_sum[4]       ; clk        ; clk      ; None                        ; None                      ; 10.636 ns               ;
; N/A                                     ; 88.14 MHz ( period = 11.345 ns )                    ; fsk_demodulator:dem|periods_measured[3] ; fsk_demodulator:dem|period_sum[5]       ; clk        ; clk      ; None                        ; None                      ; 10.636 ns               ;
; N/A                                     ; 88.14 MHz ( period = 11.345 ns )                    ; fsk_demodulator:dem|periods_measured[3] ; fsk_demodulator:dem|period_sum[7]       ; clk        ; clk      ; None                        ; None                      ; 10.636 ns               ;
; N/A                                     ; 88.14 MHz ( period = 11.345 ns )                    ; fsk_demodulator:dem|periods_measured[3] ; fsk_demodulator:dem|period_sum[6]       ; clk        ; clk      ; None                        ; None                      ; 10.636 ns               ;
; N/A                                     ; 88.34 MHz ( period = 11.320 ns )                    ; fsk_demodulator:dem|periods_measured[8] ; fsk_demodulator:dem|period_sum[1]       ; clk        ; clk      ; None                        ; None                      ; 10.611 ns               ;
; N/A                                     ; 88.34 MHz ( period = 11.320 ns )                    ; fsk_demodulator:dem|periods_measured[8] ; fsk_demodulator:dem|period_sum[0]       ; clk        ; clk      ; None                        ; None                      ; 10.611 ns               ;
; N/A                                     ; 88.34 MHz ( period = 11.320 ns )                    ; fsk_demodulator:dem|periods_measured[8] ; fsk_demodulator:dem|period_sum[2]       ; clk        ; clk      ; None                        ; None                      ; 10.611 ns               ;
; N/A                                     ; 88.34 MHz ( period = 11.320 ns )                    ; fsk_demodulator:dem|periods_measured[8] ; fsk_demodulator:dem|period_sum[3]       ; clk        ; clk      ; None                        ; None                      ; 10.611 ns               ;
; N/A                                     ; 88.34 MHz ( period = 11.320 ns )                    ; fsk_demodulator:dem|periods_measured[8] ; fsk_demodulator:dem|period_sum[4]       ; clk        ; clk      ; None                        ; None                      ; 10.611 ns               ;
; N/A                                     ; 88.34 MHz ( period = 11.320 ns )                    ; fsk_demodulator:dem|periods_measured[8] ; fsk_demodulator:dem|period_sum[5]       ; clk        ; clk      ; None                        ; None                      ; 10.611 ns               ;
; N/A                                     ; 88.34 MHz ( period = 11.320 ns )                    ; fsk_demodulator:dem|periods_measured[8] ; fsk_demodulator:dem|period_sum[7]       ; clk        ; clk      ; None                        ; None                      ; 10.611 ns               ;
; N/A                                     ; 88.34 MHz ( period = 11.320 ns )                    ; fsk_demodulator:dem|periods_measured[8] ; fsk_demodulator:dem|period_sum[6]       ; clk        ; clk      ; None                        ; None                      ; 10.611 ns               ;
; N/A                                     ; 89.34 MHz ( period = 11.193 ns )                    ; fsk_demodulator:dem|periods_measured[4] ; fsk_demodulator:dem|period_sum[1]       ; clk        ; clk      ; None                        ; None                      ; 10.484 ns               ;
; N/A                                     ; 89.34 MHz ( period = 11.193 ns )                    ; fsk_demodulator:dem|periods_measured[4] ; fsk_demodulator:dem|period_sum[0]       ; clk        ; clk      ; None                        ; None                      ; 10.484 ns               ;
; N/A                                     ; 89.34 MHz ( period = 11.193 ns )                    ; fsk_demodulator:dem|periods_measured[4] ; fsk_demodulator:dem|period_sum[2]       ; clk        ; clk      ; None                        ; None                      ; 10.484 ns               ;
; N/A                                     ; 89.34 MHz ( period = 11.193 ns )                    ; fsk_demodulator:dem|periods_measured[4] ; fsk_demodulator:dem|period_sum[3]       ; clk        ; clk      ; None                        ; None                      ; 10.484 ns               ;
; N/A                                     ; 89.34 MHz ( period = 11.193 ns )                    ; fsk_demodulator:dem|periods_measured[4] ; fsk_demodulator:dem|period_sum[4]       ; clk        ; clk      ; None                        ; None                      ; 10.484 ns               ;
; N/A                                     ; 89.34 MHz ( period = 11.193 ns )                    ; fsk_demodulator:dem|periods_measured[4] ; fsk_demodulator:dem|period_sum[5]       ; clk        ; clk      ; None                        ; None                      ; 10.484 ns               ;
; N/A                                     ; 89.34 MHz ( period = 11.193 ns )                    ; fsk_demodulator:dem|periods_measured[4] ; fsk_demodulator:dem|period_sum[7]       ; clk        ; clk      ; None                        ; None                      ; 10.484 ns               ;
; N/A                                     ; 89.34 MHz ( period = 11.193 ns )                    ; fsk_demodulator:dem|periods_measured[4] ; fsk_demodulator:dem|period_sum[6]       ; clk        ; clk      ; None                        ; None                      ; 10.484 ns               ;
; N/A                                     ; 90.79 MHz ( period = 11.014 ns )                    ; fsk_demodulator:dem|periods_measured[1] ; fsk_demodulator:dem|period_sum[1]       ; clk        ; clk      ; None                        ; None                      ; 10.305 ns               ;
; N/A                                     ; 90.79 MHz ( period = 11.014 ns )                    ; fsk_demodulator:dem|periods_measured[1] ; fsk_demodulator:dem|period_sum[0]       ; clk        ; clk      ; None                        ; None                      ; 10.305 ns               ;
; N/A                                     ; 90.79 MHz ( period = 11.014 ns )                    ; fsk_demodulator:dem|periods_measured[1] ; fsk_demodulator:dem|period_sum[2]       ; clk        ; clk      ; None                        ; None                      ; 10.305 ns               ;
; N/A                                     ; 90.79 MHz ( period = 11.014 ns )                    ; fsk_demodulator:dem|periods_measured[1] ; fsk_demodulator:dem|period_sum[3]       ; clk        ; clk      ; None                        ; None                      ; 10.305 ns               ;
; N/A                                     ; 90.79 MHz ( period = 11.014 ns )                    ; fsk_demodulator:dem|periods_measured[1] ; fsk_demodulator:dem|period_sum[4]       ; clk        ; clk      ; None                        ; None                      ; 10.305 ns               ;
; N/A                                     ; 90.79 MHz ( period = 11.014 ns )                    ; fsk_demodulator:dem|periods_measured[1] ; fsk_demodulator:dem|period_sum[5]       ; clk        ; clk      ; None                        ; None                      ; 10.305 ns               ;
; N/A                                     ; 90.79 MHz ( period = 11.014 ns )                    ; fsk_demodulator:dem|periods_measured[1] ; fsk_demodulator:dem|period_sum[7]       ; clk        ; clk      ; None                        ; None                      ; 10.305 ns               ;
; N/A                                     ; 90.79 MHz ( period = 11.014 ns )                    ; fsk_demodulator:dem|periods_measured[1] ; fsk_demodulator:dem|period_sum[6]       ; clk        ; clk      ; None                        ; None                      ; 10.305 ns               ;
; N/A                                     ; 91.23 MHz ( period = 10.961 ns )                    ; fsk_demodulator:dem|periods_measured[7] ; fsk_demodulator:dem|period_sum[1]       ; clk        ; clk      ; None                        ; None                      ; 10.252 ns               ;
; N/A                                     ; 91.23 MHz ( period = 10.961 ns )                    ; fsk_demodulator:dem|periods_measured[7] ; fsk_demodulator:dem|period_sum[0]       ; clk        ; clk      ; None                        ; None                      ; 10.252 ns               ;
; N/A                                     ; 91.23 MHz ( period = 10.961 ns )                    ; fsk_demodulator:dem|periods_measured[7] ; fsk_demodulator:dem|period_sum[2]       ; clk        ; clk      ; None                        ; None                      ; 10.252 ns               ;
; N/A                                     ; 91.23 MHz ( period = 10.961 ns )                    ; fsk_demodulator:dem|periods_measured[7] ; fsk_demodulator:dem|period_sum[3]       ; clk        ; clk      ; None                        ; None                      ; 10.252 ns               ;
; N/A                                     ; 91.23 MHz ( period = 10.961 ns )                    ; fsk_demodulator:dem|periods_measured[7] ; fsk_demodulator:dem|period_sum[4]       ; clk        ; clk      ; None                        ; None                      ; 10.252 ns               ;
; N/A                                     ; 91.23 MHz ( period = 10.961 ns )                    ; fsk_demodulator:dem|periods_measured[7] ; fsk_demodulator:dem|period_sum[5]       ; clk        ; clk      ; None                        ; None                      ; 10.252 ns               ;
; N/A                                     ; 91.23 MHz ( period = 10.961 ns )                    ; fsk_demodulator:dem|periods_measured[7] ; fsk_demodulator:dem|period_sum[7]       ; clk        ; clk      ; None                        ; None                      ; 10.252 ns               ;
; N/A                                     ; 91.23 MHz ( period = 10.961 ns )                    ; fsk_demodulator:dem|periods_measured[7] ; fsk_demodulator:dem|period_sum[6]       ; clk        ; clk      ; None                        ; None                      ; 10.252 ns               ;
; N/A                                     ; 91.23 MHz ( period = 10.961 ns )                    ; fsk_demodulator:dem|periods_measured[3] ; fsk_demodulator:dem|period_sum[8]       ; clk        ; clk      ; None                        ; None                      ; 10.252 ns               ;
; N/A                                     ; 91.23 MHz ( period = 10.961 ns )                    ; fsk_demodulator:dem|periods_measured[3] ; fsk_demodulator:dem|period_sum[9]       ; clk        ; clk      ; None                        ; None                      ; 10.252 ns               ;
; N/A                                     ; 91.23 MHz ( period = 10.961 ns )                    ; fsk_demodulator:dem|periods_measured[3] ; fsk_demodulator:dem|period_sum[10]      ; clk        ; clk      ; None                        ; None                      ; 10.252 ns               ;
; N/A                                     ; 91.23 MHz ( period = 10.961 ns )                    ; fsk_demodulator:dem|periods_measured[3] ; fsk_demodulator:dem|period_sum[11]      ; clk        ; clk      ; None                        ; None                      ; 10.252 ns               ;
; N/A                                     ; 91.23 MHz ( period = 10.961 ns )                    ; fsk_demodulator:dem|periods_measured[3] ; fsk_demodulator:dem|period_sum[12]      ; clk        ; clk      ; None                        ; None                      ; 10.252 ns               ;
; N/A                                     ; 91.23 MHz ( period = 10.961 ns )                    ; fsk_demodulator:dem|periods_measured[3] ; fsk_demodulator:dem|period_sum[14]      ; clk        ; clk      ; None                        ; None                      ; 10.252 ns               ;
; N/A                                     ; 91.23 MHz ( period = 10.961 ns )                    ; fsk_demodulator:dem|periods_measured[3] ; fsk_demodulator:dem|period_sum[13]      ; clk        ; clk      ; None                        ; None                      ; 10.252 ns               ;
; N/A                                     ; 91.23 MHz ( period = 10.961 ns )                    ; fsk_demodulator:dem|periods_measured[3] ; fsk_demodulator:dem|period_sum[15]      ; clk        ; clk      ; None                        ; None                      ; 10.252 ns               ;
; N/A                                     ; 91.41 MHz ( period = 10.940 ns )                    ; fsk_demodulator:dem|periods_measured[3] ; fsk_demodulator:dem|periods_measured[1] ; clk        ; clk      ; None                        ; None                      ; 10.231 ns               ;
; N/A                                     ; 91.42 MHz ( period = 10.939 ns )                    ; fsk_demodulator:dem|periods_measured[3] ; fsk_demodulator:dem|periods_measured[4] ; clk        ; clk      ; None                        ; None                      ; 10.230 ns               ;
; N/A                                     ; 91.44 MHz ( period = 10.936 ns )                    ; fsk_demodulator:dem|periods_measured[8] ; fsk_demodulator:dem|period_sum[8]       ; clk        ; clk      ; None                        ; None                      ; 10.227 ns               ;
; N/A                                     ; 91.44 MHz ( period = 10.936 ns )                    ; fsk_demodulator:dem|periods_measured[8] ; fsk_demodulator:dem|period_sum[9]       ; clk        ; clk      ; None                        ; None                      ; 10.227 ns               ;
; N/A                                     ; 91.44 MHz ( period = 10.936 ns )                    ; fsk_demodulator:dem|periods_measured[8] ; fsk_demodulator:dem|period_sum[10]      ; clk        ; clk      ; None                        ; None                      ; 10.227 ns               ;
; N/A                                     ; 91.44 MHz ( period = 10.936 ns )                    ; fsk_demodulator:dem|periods_measured[8] ; fsk_demodulator:dem|period_sum[11]      ; clk        ; clk      ; None                        ; None                      ; 10.227 ns               ;
; N/A                                     ; 91.44 MHz ( period = 10.936 ns )                    ; fsk_demodulator:dem|periods_measured[8] ; fsk_demodulator:dem|period_sum[12]      ; clk        ; clk      ; None                        ; None                      ; 10.227 ns               ;
; N/A                                     ; 91.44 MHz ( period = 10.936 ns )                    ; fsk_demodulator:dem|periods_measured[8] ; fsk_demodulator:dem|period_sum[14]      ; clk        ; clk      ; None                        ; None                      ; 10.227 ns               ;
; N/A                                     ; 91.44 MHz ( period = 10.936 ns )                    ; fsk_demodulator:dem|periods_measured[8] ; fsk_demodulator:dem|period_sum[13]      ; clk        ; clk      ; None                        ; None                      ; 10.227 ns               ;
; N/A                                     ; 91.44 MHz ( period = 10.936 ns )                    ; fsk_demodulator:dem|periods_measured[8] ; fsk_demodulator:dem|period_sum[15]      ; clk        ; clk      ; None                        ; None                      ; 10.227 ns               ;
; N/A                                     ; 91.47 MHz ( period = 10.932 ns )                    ; fsk_demodulator:dem|periods_measured[3] ; fsk_demodulator:dem|periods_measured[3] ; clk        ; clk      ; None                        ; None                      ; 10.223 ns               ;
; N/A                                     ; 91.49 MHz ( period = 10.930 ns )                    ; fsk_demodulator:dem|periods_measured[3] ; fsk_demodulator:dem|periods_measured[0] ; clk        ; clk      ; None                        ; None                      ; 10.221 ns               ;
; N/A                                     ; 91.51 MHz ( period = 10.928 ns )                    ; fsk_demodulator:dem|periods_measured[3] ; fsk_demodulator:dem|periods_measured[2] ; clk        ; clk      ; None                        ; None                      ; 10.219 ns               ;
; N/A                                     ; 91.52 MHz ( period = 10.927 ns )                    ; fsk_demodulator:dem|periods_measured[3] ; fsk_demodulator:dem|counter[1]          ; clk        ; clk      ; None                        ; None                      ; 10.218 ns               ;
; N/A                                     ; 91.52 MHz ( period = 10.927 ns )                    ; fsk_demodulator:dem|periods_measured[3] ; fsk_demodulator:dem|counter[0]          ; clk        ; clk      ; None                        ; None                      ; 10.218 ns               ;
; N/A                                     ; 91.52 MHz ( period = 10.927 ns )                    ; fsk_demodulator:dem|periods_measured[3] ; fsk_demodulator:dem|counter[3]          ; clk        ; clk      ; None                        ; None                      ; 10.218 ns               ;
; N/A                                     ; 91.52 MHz ( period = 10.927 ns )                    ; fsk_demodulator:dem|periods_measured[3] ; fsk_demodulator:dem|counter[5]          ; clk        ; clk      ; None                        ; None                      ; 10.218 ns               ;
; N/A                                     ; 91.52 MHz ( period = 10.927 ns )                    ; fsk_demodulator:dem|periods_measured[3] ; fsk_demodulator:dem|counter[2]          ; clk        ; clk      ; None                        ; None                      ; 10.218 ns               ;
; N/A                                     ; 91.52 MHz ( period = 10.927 ns )                    ; fsk_demodulator:dem|periods_measured[3] ; fsk_demodulator:dem|counter[4]          ; clk        ; clk      ; None                        ; None                      ; 10.218 ns               ;
; N/A                                     ; 91.52 MHz ( period = 10.927 ns )                    ; fsk_demodulator:dem|periods_measured[3] ; fsk_demodulator:dem|counter[6]          ; clk        ; clk      ; None                        ; None                      ; 10.218 ns               ;
; N/A                                     ; 91.54 MHz ( period = 10.924 ns )                    ; fsk_demodulator:dem|periods_measured[3] ; fsk_demodulator:dem|counter[10]         ; clk        ; clk      ; None                        ; None                      ; 10.215 ns               ;
; N/A                                     ; 91.54 MHz ( period = 10.924 ns )                    ; fsk_demodulator:dem|periods_measured[3] ; fsk_demodulator:dem|counter[7]          ; clk        ; clk      ; None                        ; None                      ; 10.215 ns               ;
; N/A                                     ; 91.54 MHz ( period = 10.924 ns )                    ; fsk_demodulator:dem|periods_measured[3] ; fsk_demodulator:dem|counter[8]          ; clk        ; clk      ; None                        ; None                      ; 10.215 ns               ;
; N/A                                     ; 91.54 MHz ( period = 10.924 ns )                    ; fsk_demodulator:dem|periods_measured[3] ; fsk_demodulator:dem|counter[9]          ; clk        ; clk      ; None                        ; None                      ; 10.215 ns               ;
; N/A                                     ; 91.54 MHz ( period = 10.924 ns )                    ; fsk_demodulator:dem|periods_measured[3] ; fsk_demodulator:dem|counter[11]         ; clk        ; clk      ; None                        ; None                      ; 10.215 ns               ;
; N/A                                     ; 91.54 MHz ( period = 10.924 ns )                    ; fsk_demodulator:dem|periods_measured[3] ; fsk_demodulator:dem|counter[12]         ; clk        ; clk      ; None                        ; None                      ; 10.215 ns               ;
; N/A                                     ; 91.54 MHz ( period = 10.924 ns )                    ; fsk_demodulator:dem|periods_measured[3] ; fsk_demodulator:dem|counter[13]         ; clk        ; clk      ; None                        ; None                      ; 10.215 ns               ;
; N/A                                     ; 91.62 MHz ( period = 10.915 ns )                    ; fsk_demodulator:dem|periods_measured[8] ; fsk_demodulator:dem|periods_measured[1] ; clk        ; clk      ; None                        ; None                      ; 10.206 ns               ;
; N/A                                     ; 91.63 MHz ( period = 10.914 ns )                    ; fsk_demodulator:dem|periods_measured[8] ; fsk_demodulator:dem|periods_measured[4] ; clk        ; clk      ; None                        ; None                      ; 10.205 ns               ;
; N/A                                     ; 91.68 MHz ( period = 10.907 ns )                    ; fsk_demodulator:dem|periods_measured[8] ; fsk_demodulator:dem|periods_measured[3] ; clk        ; clk      ; None                        ; None                      ; 10.198 ns               ;
; N/A                                     ; 91.70 MHz ( period = 10.905 ns )                    ; fsk_demodulator:dem|periods_measured[8] ; fsk_demodulator:dem|periods_measured[0] ; clk        ; clk      ; None                        ; None                      ; 10.196 ns               ;
; N/A                                     ; 91.72 MHz ( period = 10.903 ns )                    ; fsk_demodulator:dem|periods_measured[8] ; fsk_demodulator:dem|periods_measured[2] ; clk        ; clk      ; None                        ; None                      ; 10.194 ns               ;
; N/A                                     ; 91.73 MHz ( period = 10.902 ns )                    ; fsk_demodulator:dem|periods_measured[8] ; fsk_demodulator:dem|counter[1]          ; clk        ; clk      ; None                        ; None                      ; 10.193 ns               ;
; N/A                                     ; 91.73 MHz ( period = 10.902 ns )                    ; fsk_demodulator:dem|periods_measured[8] ; fsk_demodulator:dem|counter[0]          ; clk        ; clk      ; None                        ; None                      ; 10.193 ns               ;
; N/A                                     ; 91.73 MHz ( period = 10.902 ns )                    ; fsk_demodulator:dem|periods_measured[8] ; fsk_demodulator:dem|counter[3]          ; clk        ; clk      ; None                        ; None                      ; 10.193 ns               ;
; N/A                                     ; 91.73 MHz ( period = 10.902 ns )                    ; fsk_demodulator:dem|periods_measured[8] ; fsk_demodulator:dem|counter[5]          ; clk        ; clk      ; None                        ; None                      ; 10.193 ns               ;
; N/A                                     ; 91.73 MHz ( period = 10.902 ns )                    ; fsk_demodulator:dem|periods_measured[8] ; fsk_demodulator:dem|counter[2]          ; clk        ; clk      ; None                        ; None                      ; 10.193 ns               ;
; N/A                                     ; 91.73 MHz ( period = 10.902 ns )                    ; fsk_demodulator:dem|periods_measured[8] ; fsk_demodulator:dem|counter[4]          ; clk        ; clk      ; None                        ; None                      ; 10.193 ns               ;
; N/A                                     ; 91.73 MHz ( period = 10.902 ns )                    ; fsk_demodulator:dem|periods_measured[8] ; fsk_demodulator:dem|counter[6]          ; clk        ; clk      ; None                        ; None                      ; 10.193 ns               ;
; N/A                                     ; 91.75 MHz ( period = 10.899 ns )                    ; fsk_demodulator:dem|periods_measured[8] ; fsk_demodulator:dem|counter[10]         ; clk        ; clk      ; None                        ; None                      ; 10.190 ns               ;
; N/A                                     ; 91.75 MHz ( period = 10.899 ns )                    ; fsk_demodulator:dem|periods_measured[8] ; fsk_demodulator:dem|counter[7]          ; clk        ; clk      ; None                        ; None                      ; 10.190 ns               ;
; N/A                                     ; 91.75 MHz ( period = 10.899 ns )                    ; fsk_demodulator:dem|periods_measured[8] ; fsk_demodulator:dem|counter[8]          ; clk        ; clk      ; None                        ; None                      ; 10.190 ns               ;
; N/A                                     ; 91.75 MHz ( period = 10.899 ns )                    ; fsk_demodulator:dem|periods_measured[8] ; fsk_demodulator:dem|counter[9]          ; clk        ; clk      ; None                        ; None                      ; 10.190 ns               ;
; N/A                                     ; 91.75 MHz ( period = 10.899 ns )                    ; fsk_demodulator:dem|periods_measured[8] ; fsk_demodulator:dem|counter[11]         ; clk        ; clk      ; None                        ; None                      ; 10.190 ns               ;
; N/A                                     ; 91.75 MHz ( period = 10.899 ns )                    ; fsk_demodulator:dem|periods_measured[8] ; fsk_demodulator:dem|counter[12]         ; clk        ; clk      ; None                        ; None                      ; 10.190 ns               ;
; N/A                                     ; 91.75 MHz ( period = 10.899 ns )                    ; fsk_demodulator:dem|periods_measured[8] ; fsk_demodulator:dem|counter[13]         ; clk        ; clk      ; None                        ; None                      ; 10.190 ns               ;
; N/A                                     ; 92.40 MHz ( period = 10.822 ns )                    ; fsk_demodulator:dem|periods_measured[5] ; fsk_demodulator:dem|period_sum[1]       ; clk        ; clk      ; None                        ; None                      ; 10.113 ns               ;
; N/A                                     ; 92.40 MHz ( period = 10.822 ns )                    ; fsk_demodulator:dem|periods_measured[5] ; fsk_demodulator:dem|period_sum[0]       ; clk        ; clk      ; None                        ; None                      ; 10.113 ns               ;
; N/A                                     ; 92.40 MHz ( period = 10.822 ns )                    ; fsk_demodulator:dem|periods_measured[5] ; fsk_demodulator:dem|period_sum[2]       ; clk        ; clk      ; None                        ; None                      ; 10.113 ns               ;
; N/A                                     ; 92.40 MHz ( period = 10.822 ns )                    ; fsk_demodulator:dem|periods_measured[5] ; fsk_demodulator:dem|period_sum[3]       ; clk        ; clk      ; None                        ; None                      ; 10.113 ns               ;
; N/A                                     ; 92.40 MHz ( period = 10.822 ns )                    ; fsk_demodulator:dem|periods_measured[5] ; fsk_demodulator:dem|period_sum[4]       ; clk        ; clk      ; None                        ; None                      ; 10.113 ns               ;
; N/A                                     ; 92.40 MHz ( period = 10.822 ns )                    ; fsk_demodulator:dem|periods_measured[5] ; fsk_demodulator:dem|period_sum[5]       ; clk        ; clk      ; None                        ; None                      ; 10.113 ns               ;
; N/A                                     ; 92.40 MHz ( period = 10.822 ns )                    ; fsk_demodulator:dem|periods_measured[5] ; fsk_demodulator:dem|period_sum[7]       ; clk        ; clk      ; None                        ; None                      ; 10.113 ns               ;
; N/A                                     ; 92.40 MHz ( period = 10.822 ns )                    ; fsk_demodulator:dem|periods_measured[5] ; fsk_demodulator:dem|period_sum[6]       ; clk        ; clk      ; None                        ; None                      ; 10.113 ns               ;
; N/A                                     ; 92.52 MHz ( period = 10.809 ns )                    ; fsk_demodulator:dem|periods_measured[4] ; fsk_demodulator:dem|period_sum[8]       ; clk        ; clk      ; None                        ; None                      ; 10.100 ns               ;
; N/A                                     ; 92.52 MHz ( period = 10.809 ns )                    ; fsk_demodulator:dem|periods_measured[4] ; fsk_demodulator:dem|period_sum[9]       ; clk        ; clk      ; None                        ; None                      ; 10.100 ns               ;
; N/A                                     ; 92.52 MHz ( period = 10.809 ns )                    ; fsk_demodulator:dem|periods_measured[4] ; fsk_demodulator:dem|period_sum[10]      ; clk        ; clk      ; None                        ; None                      ; 10.100 ns               ;
; N/A                                     ; 92.52 MHz ( period = 10.809 ns )                    ; fsk_demodulator:dem|periods_measured[4] ; fsk_demodulator:dem|period_sum[11]      ; clk        ; clk      ; None                        ; None                      ; 10.100 ns               ;
; N/A                                     ; 92.52 MHz ( period = 10.809 ns )                    ; fsk_demodulator:dem|periods_measured[4] ; fsk_demodulator:dem|period_sum[12]      ; clk        ; clk      ; None                        ; None                      ; 10.100 ns               ;
; N/A                                     ; 92.52 MHz ( period = 10.809 ns )                    ; fsk_demodulator:dem|periods_measured[4] ; fsk_demodulator:dem|period_sum[14]      ; clk        ; clk      ; None                        ; None                      ; 10.100 ns               ;
; N/A                                     ; 92.52 MHz ( period = 10.809 ns )                    ; fsk_demodulator:dem|periods_measured[4] ; fsk_demodulator:dem|period_sum[13]      ; clk        ; clk      ; None                        ; None                      ; 10.100 ns               ;
; N/A                                     ; 92.52 MHz ( period = 10.809 ns )                    ; fsk_demodulator:dem|periods_measured[4] ; fsk_demodulator:dem|period_sum[15]      ; clk        ; clk      ; None                        ; None                      ; 10.100 ns               ;
; N/A                                     ; 92.70 MHz ( period = 10.788 ns )                    ; fsk_demodulator:dem|periods_measured[4] ; fsk_demodulator:dem|periods_measured[1] ; clk        ; clk      ; None                        ; None                      ; 10.079 ns               ;
; N/A                                     ; 92.70 MHz ( period = 10.787 ns )                    ; fsk_demodulator:dem|periods_measured[4] ; fsk_demodulator:dem|periods_measured[4] ; clk        ; clk      ; None                        ; None                      ; 10.078 ns               ;
; N/A                                     ; 92.76 MHz ( period = 10.780 ns )                    ; fsk_demodulator:dem|periods_measured[4] ; fsk_demodulator:dem|periods_measured[3] ; clk        ; clk      ; None                        ; None                      ; 10.071 ns               ;
; N/A                                     ; 92.78 MHz ( period = 10.778 ns )                    ; fsk_demodulator:dem|periods_measured[4] ; fsk_demodulator:dem|periods_measured[0] ; clk        ; clk      ; None                        ; None                      ; 10.069 ns               ;
; N/A                                     ; 92.80 MHz ( period = 10.776 ns )                    ; fsk_demodulator:dem|periods_measured[4] ; fsk_demodulator:dem|periods_measured[2] ; clk        ; clk      ; None                        ; None                      ; 10.067 ns               ;
; N/A                                     ; 92.81 MHz ( period = 10.775 ns )                    ; fsk_demodulator:dem|periods_measured[4] ; fsk_demodulator:dem|counter[1]          ; clk        ; clk      ; None                        ; None                      ; 10.066 ns               ;
; N/A                                     ; 92.81 MHz ( period = 10.775 ns )                    ; fsk_demodulator:dem|periods_measured[4] ; fsk_demodulator:dem|counter[0]          ; clk        ; clk      ; None                        ; None                      ; 10.066 ns               ;
; N/A                                     ; 92.81 MHz ( period = 10.775 ns )                    ; fsk_demodulator:dem|periods_measured[4] ; fsk_demodulator:dem|counter[3]          ; clk        ; clk      ; None                        ; None                      ; 10.066 ns               ;
; N/A                                     ; 92.81 MHz ( period = 10.775 ns )                    ; fsk_demodulator:dem|periods_measured[4] ; fsk_demodulator:dem|counter[5]          ; clk        ; clk      ; None                        ; None                      ; 10.066 ns               ;
; N/A                                     ; 92.81 MHz ( period = 10.775 ns )                    ; fsk_demodulator:dem|periods_measured[4] ; fsk_demodulator:dem|counter[2]          ; clk        ; clk      ; None                        ; None                      ; 10.066 ns               ;
; N/A                                     ; 92.81 MHz ( period = 10.775 ns )                    ; fsk_demodulator:dem|periods_measured[4] ; fsk_demodulator:dem|counter[4]          ; clk        ; clk      ; None                        ; None                      ; 10.066 ns               ;
; N/A                                     ; 92.81 MHz ( period = 10.775 ns )                    ; fsk_demodulator:dem|periods_measured[4] ; fsk_demodulator:dem|counter[6]          ; clk        ; clk      ; None                        ; None                      ; 10.066 ns               ;
; N/A                                     ; 92.83 MHz ( period = 10.772 ns )                    ; fsk_demodulator:dem|periods_measured[4] ; fsk_demodulator:dem|counter[10]         ; clk        ; clk      ; None                        ; None                      ; 10.063 ns               ;
; N/A                                     ; 92.83 MHz ( period = 10.772 ns )                    ; fsk_demodulator:dem|periods_measured[4] ; fsk_demodulator:dem|counter[7]          ; clk        ; clk      ; None                        ; None                      ; 10.063 ns               ;
; N/A                                     ; 92.83 MHz ( period = 10.772 ns )                    ; fsk_demodulator:dem|periods_measured[4] ; fsk_demodulator:dem|counter[8]          ; clk        ; clk      ; None                        ; None                      ; 10.063 ns               ;
; N/A                                     ; 92.83 MHz ( period = 10.772 ns )                    ; fsk_demodulator:dem|periods_measured[4] ; fsk_demodulator:dem|counter[9]          ; clk        ; clk      ; None                        ; None                      ; 10.063 ns               ;
; N/A                                     ; 92.83 MHz ( period = 10.772 ns )                    ; fsk_demodulator:dem|periods_measured[4] ; fsk_demodulator:dem|counter[11]         ; clk        ; clk      ; None                        ; None                      ; 10.063 ns               ;
; N/A                                     ; 92.83 MHz ( period = 10.772 ns )                    ; fsk_demodulator:dem|periods_measured[4] ; fsk_demodulator:dem|counter[12]         ; clk        ; clk      ; None                        ; None                      ; 10.063 ns               ;
; N/A                                     ; 92.83 MHz ( period = 10.772 ns )                    ; fsk_demodulator:dem|periods_measured[4] ; fsk_demodulator:dem|counter[13]         ; clk        ; clk      ; None                        ; None                      ; 10.063 ns               ;
; N/A                                     ; 93.00 MHz ( period = 10.753 ns )                    ; fsk_demodulator:dem|counter[6]          ; fsk_demodulator:dem|period_sum[1]       ; clk        ; clk      ; None                        ; None                      ; 10.044 ns               ;
; N/A                                     ; 93.00 MHz ( period = 10.753 ns )                    ; fsk_demodulator:dem|counter[6]          ; fsk_demodulator:dem|period_sum[0]       ; clk        ; clk      ; None                        ; None                      ; 10.044 ns               ;
; N/A                                     ; 93.00 MHz ( period = 10.753 ns )                    ; fsk_demodulator:dem|counter[6]          ; fsk_demodulator:dem|period_sum[2]       ; clk        ; clk      ; None                        ; None                      ; 10.044 ns               ;
; N/A                                     ; 93.00 MHz ( period = 10.753 ns )                    ; fsk_demodulator:dem|counter[6]          ; fsk_demodulator:dem|period_sum[3]       ; clk        ; clk      ; None                        ; None                      ; 10.044 ns               ;
; N/A                                     ; 93.00 MHz ( period = 10.753 ns )                    ; fsk_demodulator:dem|counter[6]          ; fsk_demodulator:dem|period_sum[4]       ; clk        ; clk      ; None                        ; None                      ; 10.044 ns               ;
; N/A                                     ; 93.00 MHz ( period = 10.753 ns )                    ; fsk_demodulator:dem|counter[6]          ; fsk_demodulator:dem|period_sum[5]       ; clk        ; clk      ; None                        ; None                      ; 10.044 ns               ;
; N/A                                     ; 93.00 MHz ( period = 10.753 ns )                    ; fsk_demodulator:dem|counter[6]          ; fsk_demodulator:dem|period_sum[7]       ; clk        ; clk      ; None                        ; None                      ; 10.044 ns               ;
; N/A                                     ; 93.00 MHz ( period = 10.753 ns )                    ; fsk_demodulator:dem|counter[6]          ; fsk_demodulator:dem|period_sum[6]       ; clk        ; clk      ; None                        ; None                      ; 10.044 ns               ;
; N/A                                     ; 93.19 MHz ( period = 10.731 ns )                    ; fsk_demodulator:dem|periods_measured[3] ; fsk_demodulator:dem|periods_measured[5] ; clk        ; clk      ; None                        ; None                      ; 10.022 ns               ;
; N/A                                     ; 93.20 MHz ( period = 10.730 ns )                    ; fsk_demodulator:dem|periods_measured[3] ; fsk_demodulator:dem|periods_measured[6] ; clk        ; clk      ; None                        ; None                      ; 10.021 ns               ;
; N/A                                     ; 93.41 MHz ( period = 10.706 ns )                    ; fsk_demodulator:dem|periods_measured[8] ; fsk_demodulator:dem|periods_measured[5] ; clk        ; clk      ; None                        ; None                      ; 9.997 ns                ;
; N/A                                     ; 93.41 MHz ( period = 10.705 ns )                    ; fsk_demodulator:dem|periods_measured[8] ; fsk_demodulator:dem|periods_measured[6] ; clk        ; clk      ; None                        ; None                      ; 9.996 ns                ;
; N/A                                     ; 93.98 MHz ( period = 10.640 ns )                    ; fsk_demodulator:dem|periods_measured[2] ; fsk_demodulator:dem|period_sum[1]       ; clk        ; clk      ; None                        ; None                      ; 9.931 ns                ;
; N/A                                     ; 93.98 MHz ( period = 10.640 ns )                    ; fsk_demodulator:dem|periods_measured[2] ; fsk_demodulator:dem|period_sum[0]       ; clk        ; clk      ; None                        ; None                      ; 9.931 ns                ;
; N/A                                     ; 93.98 MHz ( period = 10.640 ns )                    ; fsk_demodulator:dem|periods_measured[2] ; fsk_demodulator:dem|period_sum[2]       ; clk        ; clk      ; None                        ; None                      ; 9.931 ns                ;
; N/A                                     ; 93.98 MHz ( period = 10.640 ns )                    ; fsk_demodulator:dem|periods_measured[2] ; fsk_demodulator:dem|period_sum[3]       ; clk        ; clk      ; None                        ; None                      ; 9.931 ns                ;
; N/A                                     ; 93.98 MHz ( period = 10.640 ns )                    ; fsk_demodulator:dem|periods_measured[2] ; fsk_demodulator:dem|period_sum[4]       ; clk        ; clk      ; None                        ; None                      ; 9.931 ns                ;
; N/A                                     ; 93.98 MHz ( period = 10.640 ns )                    ; fsk_demodulator:dem|periods_measured[2] ; fsk_demodulator:dem|period_sum[5]       ; clk        ; clk      ; None                        ; None                      ; 9.931 ns                ;
; N/A                                     ; 93.98 MHz ( period = 10.640 ns )                    ; fsk_demodulator:dem|periods_measured[2] ; fsk_demodulator:dem|period_sum[7]       ; clk        ; clk      ; None                        ; None                      ; 9.931 ns                ;
; N/A                                     ; 93.98 MHz ( period = 10.640 ns )                    ; fsk_demodulator:dem|periods_measured[2] ; fsk_demodulator:dem|period_sum[6]       ; clk        ; clk      ; None                        ; None                      ; 9.931 ns                ;
; N/A                                     ; 94.07 MHz ( period = 10.630 ns )                    ; fsk_demodulator:dem|periods_measured[1] ; fsk_demodulator:dem|period_sum[8]       ; clk        ; clk      ; None                        ; None                      ; 9.921 ns                ;
; N/A                                     ; 94.07 MHz ( period = 10.630 ns )                    ; fsk_demodulator:dem|periods_measured[1] ; fsk_demodulator:dem|period_sum[9]       ; clk        ; clk      ; None                        ; None                      ; 9.921 ns                ;
; N/A                                     ; 94.07 MHz ( period = 10.630 ns )                    ; fsk_demodulator:dem|periods_measured[1] ; fsk_demodulator:dem|period_sum[10]      ; clk        ; clk      ; None                        ; None                      ; 9.921 ns                ;
; N/A                                     ; 94.07 MHz ( period = 10.630 ns )                    ; fsk_demodulator:dem|periods_measured[1] ; fsk_demodulator:dem|period_sum[11]      ; clk        ; clk      ; None                        ; None                      ; 9.921 ns                ;
; N/A                                     ; 94.07 MHz ( period = 10.630 ns )                    ; fsk_demodulator:dem|periods_measured[1] ; fsk_demodulator:dem|period_sum[12]      ; clk        ; clk      ; None                        ; None                      ; 9.921 ns                ;
; N/A                                     ; 94.07 MHz ( period = 10.630 ns )                    ; fsk_demodulator:dem|periods_measured[1] ; fsk_demodulator:dem|period_sum[14]      ; clk        ; clk      ; None                        ; None                      ; 9.921 ns                ;
; N/A                                     ; 94.07 MHz ( period = 10.630 ns )                    ; fsk_demodulator:dem|periods_measured[1] ; fsk_demodulator:dem|period_sum[13]      ; clk        ; clk      ; None                        ; None                      ; 9.921 ns                ;
; N/A                                     ; 94.07 MHz ( period = 10.630 ns )                    ; fsk_demodulator:dem|periods_measured[1] ; fsk_demodulator:dem|period_sum[15]      ; clk        ; clk      ; None                        ; None                      ; 9.921 ns                ;
; N/A                                     ; 94.26 MHz ( period = 10.609 ns )                    ; fsk_demodulator:dem|periods_measured[1] ; fsk_demodulator:dem|periods_measured[1] ; clk        ; clk      ; None                        ; None                      ; 9.900 ns                ;
; N/A                                     ; 94.27 MHz ( period = 10.608 ns )                    ; fsk_demodulator:dem|periods_measured[1] ; fsk_demodulator:dem|periods_measured[4] ; clk        ; clk      ; None                        ; None                      ; 9.899 ns                ;
; N/A                                     ; 94.33 MHz ( period = 10.601 ns )                    ; fsk_demodulator:dem|periods_measured[1] ; fsk_demodulator:dem|periods_measured[3] ; clk        ; clk      ; None                        ; None                      ; 9.892 ns                ;
; N/A                                     ; 94.35 MHz ( period = 10.599 ns )                    ; fsk_demodulator:dem|periods_measured[1] ; fsk_demodulator:dem|periods_measured[0] ; clk        ; clk      ; None                        ; None                      ; 9.890 ns                ;
; N/A                                     ; 94.37 MHz ( period = 10.597 ns )                    ; fsk_demodulator:dem|periods_measured[1] ; fsk_demodulator:dem|periods_measured[2] ; clk        ; clk      ; None                        ; None                      ; 9.888 ns                ;
; N/A                                     ; 94.38 MHz ( period = 10.596 ns )                    ; fsk_demodulator:dem|periods_measured[1] ; fsk_demodulator:dem|counter[1]          ; clk        ; clk      ; None                        ; None                      ; 9.887 ns                ;
; N/A                                     ; 94.38 MHz ( period = 10.596 ns )                    ; fsk_demodulator:dem|periods_measured[1] ; fsk_demodulator:dem|counter[0]          ; clk        ; clk      ; None                        ; None                      ; 9.887 ns                ;
; N/A                                     ; 94.38 MHz ( period = 10.596 ns )                    ; fsk_demodulator:dem|periods_measured[1] ; fsk_demodulator:dem|counter[3]          ; clk        ; clk      ; None                        ; None                      ; 9.887 ns                ;
; N/A                                     ; 94.38 MHz ( period = 10.596 ns )                    ; fsk_demodulator:dem|periods_measured[1] ; fsk_demodulator:dem|counter[5]          ; clk        ; clk      ; None                        ; None                      ; 9.887 ns                ;
; N/A                                     ; 94.38 MHz ( period = 10.596 ns )                    ; fsk_demodulator:dem|periods_measured[1] ; fsk_demodulator:dem|counter[2]          ; clk        ; clk      ; None                        ; None                      ; 9.887 ns                ;
; N/A                                     ; 94.38 MHz ( period = 10.596 ns )                    ; fsk_demodulator:dem|periods_measured[1] ; fsk_demodulator:dem|counter[4]          ; clk        ; clk      ; None                        ; None                      ; 9.887 ns                ;
; N/A                                     ; 94.38 MHz ( period = 10.596 ns )                    ; fsk_demodulator:dem|periods_measured[1] ; fsk_demodulator:dem|counter[6]          ; clk        ; clk      ; None                        ; None                      ; 9.887 ns                ;
; N/A                                     ; 94.40 MHz ( period = 10.593 ns )                    ; fsk_demodulator:dem|periods_measured[1] ; fsk_demodulator:dem|counter[10]         ; clk        ; clk      ; None                        ; None                      ; 9.884 ns                ;
; N/A                                     ; 94.40 MHz ( period = 10.593 ns )                    ; fsk_demodulator:dem|periods_measured[1] ; fsk_demodulator:dem|counter[7]          ; clk        ; clk      ; None                        ; None                      ; 9.884 ns                ;
; N/A                                     ; 94.40 MHz ( period = 10.593 ns )                    ; fsk_demodulator:dem|periods_measured[1] ; fsk_demodulator:dem|counter[8]          ; clk        ; clk      ; None                        ; None                      ; 9.884 ns                ;
; N/A                                     ; 94.40 MHz ( period = 10.593 ns )                    ; fsk_demodulator:dem|periods_measured[1] ; fsk_demodulator:dem|counter[9]          ; clk        ; clk      ; None                        ; None                      ; 9.884 ns                ;
; N/A                                     ; 94.40 MHz ( period = 10.593 ns )                    ; fsk_demodulator:dem|periods_measured[1] ; fsk_demodulator:dem|counter[11]         ; clk        ; clk      ; None                        ; None                      ; 9.884 ns                ;
; N/A                                     ; 94.40 MHz ( period = 10.593 ns )                    ; fsk_demodulator:dem|periods_measured[1] ; fsk_demodulator:dem|counter[12]         ; clk        ; clk      ; None                        ; None                      ; 9.884 ns                ;
; N/A                                     ; 94.40 MHz ( period = 10.593 ns )                    ; fsk_demodulator:dem|periods_measured[1] ; fsk_demodulator:dem|counter[13]         ; clk        ; clk      ; None                        ; None                      ; 9.884 ns                ;
; N/A                                     ; 94.53 MHz ( period = 10.579 ns )                    ; fsk_demodulator:dem|periods_measured[4] ; fsk_demodulator:dem|periods_measured[5] ; clk        ; clk      ; None                        ; None                      ; 9.870 ns                ;
; N/A                                     ; 94.54 MHz ( period = 10.578 ns )                    ; fsk_demodulator:dem|periods_measured[4] ; fsk_demodulator:dem|periods_measured[6] ; clk        ; clk      ; None                        ; None                      ; 9.869 ns                ;
; N/A                                     ; 94.54 MHz ( period = 10.577 ns )                    ; fsk_demodulator:dem|periods_measured[7] ; fsk_demodulator:dem|period_sum[8]       ; clk        ; clk      ; None                        ; None                      ; 9.868 ns                ;
; N/A                                     ; 94.54 MHz ( period = 10.577 ns )                    ; fsk_demodulator:dem|periods_measured[7] ; fsk_demodulator:dem|period_sum[9]       ; clk        ; clk      ; None                        ; None                      ; 9.868 ns                ;
; N/A                                     ; 94.54 MHz ( period = 10.577 ns )                    ; fsk_demodulator:dem|periods_measured[7] ; fsk_demodulator:dem|period_sum[10]      ; clk        ; clk      ; None                        ; None                      ; 9.868 ns                ;
; N/A                                     ; 94.54 MHz ( period = 10.577 ns )                    ; fsk_demodulator:dem|periods_measured[7] ; fsk_demodulator:dem|period_sum[11]      ; clk        ; clk      ; None                        ; None                      ; 9.868 ns                ;
; N/A                                     ; 94.54 MHz ( period = 10.577 ns )                    ; fsk_demodulator:dem|periods_measured[7] ; fsk_demodulator:dem|period_sum[12]      ; clk        ; clk      ; None                        ; None                      ; 9.868 ns                ;
; N/A                                     ; 94.54 MHz ( period = 10.577 ns )                    ; fsk_demodulator:dem|periods_measured[7] ; fsk_demodulator:dem|period_sum[14]      ; clk        ; clk      ; None                        ; None                      ; 9.868 ns                ;
; N/A                                     ; 94.54 MHz ( period = 10.577 ns )                    ; fsk_demodulator:dem|periods_measured[7] ; fsk_demodulator:dem|period_sum[13]      ; clk        ; clk      ; None                        ; None                      ; 9.868 ns                ;
; N/A                                     ; 94.54 MHz ( period = 10.577 ns )                    ; fsk_demodulator:dem|periods_measured[7] ; fsk_demodulator:dem|period_sum[15]      ; clk        ; clk      ; None                        ; None                      ; 9.868 ns                ;
; N/A                                     ; 94.73 MHz ( period = 10.556 ns )                    ; fsk_demodulator:dem|periods_measured[7] ; fsk_demodulator:dem|periods_measured[1] ; clk        ; clk      ; None                        ; None                      ; 9.847 ns                ;
; N/A                                     ; 94.74 MHz ( period = 10.555 ns )                    ; fsk_demodulator:dem|periods_measured[7] ; fsk_demodulator:dem|periods_measured[4] ; clk        ; clk      ; None                        ; None                      ; 9.846 ns                ;
; N/A                                     ; 94.76 MHz ( period = 10.553 ns )                    ; fsk_demodulator:dem|counter[9]          ; fsk_demodulator:dem|period_sum[1]       ; clk        ; clk      ; None                        ; None                      ; 9.844 ns                ;
; N/A                                     ; 94.76 MHz ( period = 10.553 ns )                    ; fsk_demodulator:dem|counter[9]          ; fsk_demodulator:dem|period_sum[0]       ; clk        ; clk      ; None                        ; None                      ; 9.844 ns                ;
; N/A                                     ; 94.76 MHz ( period = 10.553 ns )                    ; fsk_demodulator:dem|counter[9]          ; fsk_demodulator:dem|period_sum[2]       ; clk        ; clk      ; None                        ; None                      ; 9.844 ns                ;
; N/A                                     ; 94.76 MHz ( period = 10.553 ns )                    ; fsk_demodulator:dem|counter[9]          ; fsk_demodulator:dem|period_sum[3]       ; clk        ; clk      ; None                        ; None                      ; 9.844 ns                ;
; N/A                                     ; 94.76 MHz ( period = 10.553 ns )                    ; fsk_demodulator:dem|counter[9]          ; fsk_demodulator:dem|period_sum[4]       ; clk        ; clk      ; None                        ; None                      ; 9.844 ns                ;
; N/A                                     ; 94.76 MHz ( period = 10.553 ns )                    ; fsk_demodulator:dem|counter[9]          ; fsk_demodulator:dem|period_sum[5]       ; clk        ; clk      ; None                        ; None                      ; 9.844 ns                ;
; N/A                                     ; 94.76 MHz ( period = 10.553 ns )                    ; fsk_demodulator:dem|counter[9]          ; fsk_demodulator:dem|period_sum[7]       ; clk        ; clk      ; None                        ; None                      ; 9.844 ns                ;
; N/A                                     ; 94.76 MHz ( period = 10.553 ns )                    ; fsk_demodulator:dem|counter[9]          ; fsk_demodulator:dem|period_sum[6]       ; clk        ; clk      ; None                        ; None                      ; 9.844 ns                ;
; N/A                                     ; 94.80 MHz ( period = 10.548 ns )                    ; fsk_demodulator:dem|periods_measured[7] ; fsk_demodulator:dem|periods_measured[3] ; clk        ; clk      ; None                        ; None                      ; 9.839 ns                ;
; N/A                                     ; 94.82 MHz ( period = 10.546 ns )                    ; fsk_demodulator:dem|periods_measured[7] ; fsk_demodulator:dem|periods_measured[0] ; clk        ; clk      ; None                        ; None                      ; 9.837 ns                ;
; N/A                                     ; 94.84 MHz ( period = 10.544 ns )                    ; fsk_demodulator:dem|periods_measured[7] ; fsk_demodulator:dem|periods_measured[2] ; clk        ; clk      ; None                        ; None                      ; 9.835 ns                ;
; N/A                                     ; 94.85 MHz ( period = 10.543 ns )                    ; fsk_demodulator:dem|periods_measured[7] ; fsk_demodulator:dem|counter[4]          ; clk        ; clk      ; None                        ; None                      ; 9.834 ns                ;
; Timing analysis restricted to 200 rows. ; To change the limit use Settings (Assignments menu) ;                                         ;                                         ;            ;          ;                             ;                           ;                         ;
+-----------------------------------------+-----------------------------------------------------+-----------------------------------------+-----------------------------------------+------------+----------+-----------------------------+---------------------------+-------------------------+


+-------------------------------------------------------------------------+
; tsu                                                                     ;
+-------+--------------+------------+---------+----------------+----------+
; Slack ; Required tsu ; Actual tsu ; From    ; To             ; To Clock ;
+-------+--------------+------------+---------+----------------+----------+
; N/A   ; None         ; 2.947 ns   ; enable  ; counter_bit[0] ; clk      ;
; N/A   ; None         ; 2.947 ns   ; enable  ; counter_bit[2] ; clk      ;
; N/A   ; None         ; 2.947 ns   ; enable  ; counter_bit[3] ; clk      ;
; N/A   ; None         ; 2.947 ns   ; enable  ; counter_bit[6] ; clk      ;
; N/A   ; None         ; 2.947 ns   ; enable  ; counter_bit[5] ; clk      ;
; N/A   ; None         ; 2.947 ns   ; enable  ; counter_bit[4] ; clk      ;
; N/A   ; None         ; 2.924 ns   ; enable  ; counter_bit[1] ; clk      ;
; N/A   ; None         ; 2.924 ns   ; enable  ; counter_bit[7] ; clk      ;
; N/A   ; None         ; 2.449 ns   ; enable  ; fsk_out~reg0   ; clk      ;
; N/A   ; None         ; 2.245 ns   ; data_in ; counter_bit[2] ; clk      ;
; N/A   ; None         ; 1.911 ns   ; data_in ; counter_bit[1] ; clk      ;
+-------+--------------+------------+---------+----------------+----------+


+------------------------------------------------------------------------------------------+
; tco                                                                                      ;
+-------+--------------+------------+------------------------------+----------+------------+
; Slack ; Required tco ; Actual tco ; From                         ; To       ; From Clock ;
+-------+--------------+------------+------------------------------+----------+------------+
; N/A   ; None         ; 8.734 ns   ; fsk_out~reg0                 ; fsk_out  ; clk        ;
; N/A   ; None         ; 8.615 ns   ; fsk_demodulator:dem|data_out ; data_out ; clk        ;
+-------+--------------+------------+------------------------------+----------+------------+


+-------------------------------------------------------------------------------+
; th                                                                            ;
+---------------+-------------+-----------+---------+----------------+----------+
; Minimum Slack ; Required th ; Actual th ; From    ; To             ; To Clock ;
+---------------+-------------+-----------+---------+----------------+----------+
; N/A           ; None        ; -1.357 ns ; data_in ; counter_bit[1] ; clk      ;
; N/A           ; None        ; -1.691 ns ; data_in ; counter_bit[2] ; clk      ;
; N/A           ; None        ; -1.895 ns ; enable  ; fsk_out~reg0   ; clk      ;
; N/A           ; None        ; -2.370 ns ; enable  ; counter_bit[1] ; clk      ;
; N/A           ; None        ; -2.370 ns ; enable  ; counter_bit[7] ; clk      ;
; N/A           ; None        ; -2.393 ns ; enable  ; counter_bit[0] ; clk      ;
; N/A           ; None        ; -2.393 ns ; enable  ; counter_bit[2] ; clk      ;
; N/A           ; None        ; -2.393 ns ; enable  ; counter_bit[3] ; clk      ;
; N/A           ; None        ; -2.393 ns ; enable  ; counter_bit[6] ; clk      ;
; N/A           ; None        ; -2.393 ns ; enable  ; counter_bit[5] ; clk      ;
; N/A           ; None        ; -2.393 ns ; enable  ; counter_bit[4] ; clk      ;
+---------------+-------------+-----------+---------+----------------+----------+


+--------------------------+
; Timing Analyzer Messages ;
+--------------------------+
Info: *******************************************************************
Info: Running Quartus II Classic Timing Analyzer
    Info: Version 9.0 Build 235 06/17/2009 Service Pack 2 SJ Web Edition
    Info: Processing started: Tue Mar 26 17:57:12 2024
Info: Command: quartus_tan --read_settings_files=off --write_settings_files=off ultrasonic-modem-300k -c ultrasonic-modem-300k
Info: Parallel compilation is enabled and will use 4 of the 4 processors detected
Info: Started post-fitting delay annotation
Info: Delay annotation completed successfully
Warning: Found pins functioning as undefined clocks and/or memory enables
    Info: Assuming node "clk" is an undefined clock
Info: Clock "clk" has Internal fmax of 88.14 MHz between source register "fsk_demodulator:dem|periods_measured[3]" and destination register "fsk_demodulator:dem|period_sum[1]" (period= 11.345 ns)
    Info: + Longest register to register delay is 10.636 ns
        Info: 1: + IC(0.000 ns) + CELL(0.000 ns) = 0.000 ns; Loc. = LC_X5_Y1_N4; Fanout = 4; REG Node = 'fsk_demodulator:dem|periods_measured[3]'
        Info: 2: + IC(0.895 ns) + CELL(0.914 ns) = 1.809 ns; Loc. = LC_X5_Y1_N2; Fanout = 1; COMB Node = 'fsk_demodulator:dem|Equal0~1'
        Info: 3: + IC(1.169 ns) + CELL(0.511 ns) = 3.489 ns; Loc. = LC_X4_Y1_N9; Fanout = 12; COMB Node = 'fsk_demodulator:dem|Equal0~2'
        Info: 4: + IC(2.683 ns) + CELL(0.511 ns) = 6.683 ns; Loc. = LC_X4_Y2_N9; Fanout = 20; COMB Node = 'fsk_demodulator:dem|periods_measured[7]~36'
        Info: 5: + IC(2.193 ns) + CELL(1.760 ns) = 10.636 ns; Loc. = LC_X2_Y1_N3; Fanout = 4; REG Node = 'fsk_demodulator:dem|period_sum[1]'
        Info: Total cell delay = 3.696 ns ( 34.75 % )
        Info: Total interconnect delay = 6.940 ns ( 65.25 % )
    Info: - Smallest clock skew is 0.000 ns
        Info: + Shortest clock path from clock "clk" to destination register is 3.348 ns
            Info: 1: + IC(0.000 ns) + CELL(1.163 ns) = 1.163 ns; Loc. = PIN_12; Fanout = 49; CLK Node = 'clk'
            Info: 2: + IC(1.267 ns) + CELL(0.918 ns) = 3.348 ns; Loc. = LC_X2_Y1_N3; Fanout = 4; REG Node = 'fsk_demodulator:dem|period_sum[1]'
            Info: Total cell delay = 2.081 ns ( 62.16 % )
            Info: Total interconnect delay = 1.267 ns ( 37.84 % )
        Info: - Longest clock path from clock "clk" to source register is 3.348 ns
            Info: 1: + IC(0.000 ns) + CELL(1.163 ns) = 1.163 ns; Loc. = PIN_12; Fanout = 49; CLK Node = 'clk'
            Info: 2: + IC(1.267 ns) + CELL(0.918 ns) = 3.348 ns; Loc. = LC_X5_Y1_N4; Fanout = 4; REG Node = 'fsk_demodulator:dem|periods_measured[3]'
            Info: Total cell delay = 2.081 ns ( 62.16 % )
            Info: Total interconnect delay = 1.267 ns ( 37.84 % )
    Info: + Micro clock to output delay of source is 0.376 ns
    Info: + Micro setup delay of destination is 0.333 ns
Info: tsu for register "counter_bit[0]" (data pin = "enable", clock pin = "clk") is 2.947 ns
    Info: + Longest pin to register delay is 5.962 ns
        Info: 1: + IC(0.000 ns) + CELL(1.132 ns) = 1.132 ns; Loc. = PIN_17; Fanout = 9; PIN Node = 'enable'
        Info: 2: + IC(3.587 ns) + CELL(1.243 ns) = 5.962 ns; Loc. = LC_X6_Y3_N7; Fanout = 4; REG Node = 'counter_bit[0]'
        Info: Total cell delay = 2.375 ns ( 39.84 % )
        Info: Total interconnect delay = 3.587 ns ( 60.16 % )
    Info: + Micro setup delay of destination is 0.333 ns
    Info: - Shortest clock path from clock "clk" to destination register is 3.348 ns
        Info: 1: + IC(0.000 ns) + CELL(1.163 ns) = 1.163 ns; Loc. = PIN_12; Fanout = 49; CLK Node = 'clk'
        Info: 2: + IC(1.267 ns) + CELL(0.918 ns) = 3.348 ns; Loc. = LC_X6_Y3_N7; Fanout = 4; REG Node = 'counter_bit[0]'
        Info: Total cell delay = 2.081 ns ( 62.16 % )
        Info: Total interconnect delay = 1.267 ns ( 37.84 % )
Info: tco from clock "clk" to destination pin "fsk_out" through register "fsk_out~reg0" is 8.734 ns
    Info: + Longest clock path from clock "clk" to source register is 3.348 ns
        Info: 1: + IC(0.000 ns) + CELL(1.163 ns) = 1.163 ns; Loc. = PIN_12; Fanout = 49; CLK Node = 'clk'
        Info: 2: + IC(1.267 ns) + CELL(0.918 ns) = 3.348 ns; Loc. = LC_X6_Y3_N8; Fanout = 2; REG Node = 'fsk_out~reg0'
        Info: Total cell delay = 2.081 ns ( 62.16 % )
        Info: Total interconnect delay = 1.267 ns ( 37.84 % )
    Info: + Micro clock to output delay of source is 0.376 ns
    Info: + Longest register to pin delay is 5.010 ns
        Info: 1: + IC(0.000 ns) + CELL(0.000 ns) = 0.000 ns; Loc. = LC_X6_Y3_N8; Fanout = 2; REG Node = 'fsk_out~reg0'
        Info: 2: + IC(2.688 ns) + CELL(2.322 ns) = 5.010 ns; Loc. = PIN_16; Fanout = 0; PIN Node = 'fsk_out'
        Info: Total cell delay = 2.322 ns ( 46.35 % )
        Info: Total interconnect delay = 2.688 ns ( 53.65 % )
Info: th for register "counter_bit[1]" (data pin = "data_in", clock pin = "clk") is -1.357 ns
    Info: + Longest clock path from clock "clk" to destination register is 3.348 ns
        Info: 1: + IC(0.000 ns) + CELL(1.163 ns) = 1.163 ns; Loc. = PIN_12; Fanout = 49; CLK Node = 'clk'
        Info: 2: + IC(1.267 ns) + CELL(0.918 ns) = 3.348 ns; Loc. = LC_X7_Y3_N9; Fanout = 4; REG Node = 'counter_bit[1]'
        Info: Total cell delay = 2.081 ns ( 62.16 % )
        Info: Total interconnect delay = 1.267 ns ( 37.84 % )
    Info: + Micro hold delay of destination is 0.221 ns
    Info: - Shortest pin to register delay is 4.926 ns
        Info: 1: + IC(0.000 ns) + CELL(1.132 ns) = 1.132 ns; Loc. = PIN_15; Fanout = 2; PIN Node = 'data_in'
        Info: 2: + IC(2.990 ns) + CELL(0.804 ns) = 4.926 ns; Loc. = LC_X7_Y3_N9; Fanout = 4; REG Node = 'counter_bit[1]'
        Info: Total cell delay = 1.936 ns ( 39.30 % )
        Info: Total interconnect delay = 2.990 ns ( 60.70 % )
Info: Quartus II Classic Timing Analyzer was successful. 0 errors, 1 warning
    Info: Peak virtual memory: 188 megabytes
    Info: Processing ended: Tue Mar 26 17:57:13 2024
    Info: Elapsed time: 00:00:01
    Info: Total CPU time (on all processors): 00:00:00


