Analysis & Synthesis report for ultrasonic-modem-300k
Tue Mar 26 17:57:09 2024
Quartus II Version 9.0 Build 235 06/17/2009 Service Pack 2 SJ Web Edition


---------------------
; Table of Contents ;
---------------------
  1. Legal Notice
  2. Analysis & Synthesis Summary
  3. Analysis & Synthesis Settings
  4. Analysis & Synthesis Source Files Read
  5. Analysis & Synthesis Resource Usage Summary
  6. Analysis & Synthesis Resource Utilization by Entity
  7. General Register Statistics
  8. Inverted Register Statistics
  9. Multiplexer Restructuring Statistics (Restructuring Performed)
 10. Parameter Settings for User Entity Instance: Top-level Entity: |ultrasonicModem300k
 11. Parameter Settings for User Entity Instance: fsk_demodulator:dem
 12. Analysis & Synthesis Messages
 13. Analysis & Synthesis Suppressed Messages



----------------
; Legal Notice ;
----------------
Copyright (C) 1991-2009 Altera Corporation
Your use of Altera Corporation's design tools, logic functions 
and other software and tools, and its AMPP partner logic 
functions, and any output files from any of the foregoing 
(including device programming or simulation files), and any 
associated documentation or information are expressly subject 
to the terms and conditions of the Altera Program License 
Subscription Agreement, Altera MegaCore Function License 
Agreement, or other applicable license agreement, including, 
without limitation, that your use is for the sole purpose of 
programming logic devices manufactured by Altera and sold by 
Altera or its authorized distributors.  Please refer to the 
applicable agreement for further details.



+----------------------------------------------------------------------------+
; Analysis & Synthesis Summary                                               ;
+-----------------------------+----------------------------------------------+
; Analysis & Synthesis Status ; Successful - Tue Mar 26 17:57:09 2024        ;
; Quartus II Version          ; 9.0 Build 235 06/17/2009 SP 2 SJ Web Edition ;
; Revision Name               ; ultrasonic-modem-300k                        ;
; Top-level Entity Name       ; ultrasonicModem300k                          ;
; Family                      ; MAX II                                       ;
; Total logic elements        ; 85                                           ;
; Total pins                  ; 6                                            ;
; Total virtual pins          ; 0                                            ;
; UFM blocks                  ; 0 / 1 ( 0 % )                                ;
+-----------------------------+----------------------------------------------+


+------------------------------------------------------------------------------------------------------------+
; Analysis & Synthesis Settings                                                                              ;
+--------------------------------------------------------------+---------------------+-----------------------+
; Option                                                       ; Setting             ; Default Value         ;
+--------------------------------------------------------------+---------------------+-----------------------+
; Device                                                       ; EPM240T100C5        ;                       ;
; Top-level entity name                                        ; ultrasonicModem300k ; ultrasonic-modem-300k ;
; Family name                                                  ; MAX II              ; Stratix II            ;
; Type of Retiming Performed During Resynthesis                ; Full                ;                       ;
; Resynthesis Optimization Effort                              ; Normal              ;                       ;
; Physical Synthesis Level for Resynthesis                     ; Normal              ;                       ;
; Use Generated Physical Constraints File                      ; On                  ;                       ;
; Use smart compilation                                        ; Off                 ; Off                   ;
; Restructure Multiplexers                                     ; Auto                ; Auto                  ;
; Create Debugging Nodes for IP Cores                          ; Off                 ; Off                   ;
; Preserve fewer node names                                    ; On                  ; On                    ;
; Disable OpenCore Plus hardware evaluation                    ; Off                 ; Off                   ;
; Verilog Version                                              ; Verilog_2001        ; Verilog_2001          ;
; VHDL Version                                                 ; VHDL93              ; VHDL93                ;
; State Machine Processing                                     ; Auto                ; Auto                  ;
; Safe State Machine                                           ; Off                 ; Off                   ;
; Extract Verilog State Machines                               ; On                  ; On                    ;
; Extract VHDL State Machines                                  ; On                  ; On                    ;
; Ignore Verilog initial constructs                            ; Off                 ; Off                   ;
; Iteration limit for constant Verilog loops                   ; 5000                ; 5000                  ;
; Iteration limit for non-constant Verilog loops               ; 250                 ; 250                   ;
; Add Pass-Through Logic to Inferred RAMs                      ; On                  ; On                    ;
; Parallel Synthesis                                           ; Off                 ; Off                   ;
; NOT Gate Push-Back                                           ; On                  ; On                    ;
; Power-Up Don't Care                                          ; On                  ; On                    ;
; Remove Redundant Logic Cells                                 ; Off                 ; Off                   ;
; Remove Duplicate Registers                                   ; On                  ; On                    ;
; Ignore CARRY Buffers                                         ; Off                 ; Off                   ;
; Ignore CASCADE Buffers                                       ; Off                 ; Off                   ;
; Ignore GLOBAL Buffers                                        ; Off                 ; Off                   ;
; Ignore ROW GLOBAL Buffers                                    ; Off                 ; Off                   ;
; Ignore LCELL Buffers                                         ; Off                 ; Off                   ;
; Ignore SOFT Buffers                                          ; On                  ; On                    ;
; Limit AHDL Integers to 32 Bits                               ; Off                 ; Off                   ;
; Optimization Technique                                       ; Balanced            ; Balanced              ;
; Carry Chain Length                                           ; 70                  ; 70                    ;
; Auto Carry Chains                                            ; On                  ; On                    ;
; Auto Open-Drain Pins                                         ; On                  ; On                    ;
; Perform WYSIWYG Primitive Resynthesis                        ; Off                 ; Off                   ;
; Auto Shift Register Replacement                              ; Auto                ; Auto                  ;
; Auto Clock Enable Replacement                                ; On                  ; On                    ;
; Allow Synchronous Control Signals                            ; On                  ; On                    ;
; Force Use of Synchronous Clear Signals                       ; Off                 ; Off                   ;
; Auto Resource Sharing                                        ; Off                 ; Off                   ;
; Use LogicLock Constraints during Resource Balancing          ; On                  ; On                    ;
; Ignore translate_off and synthesis_off directives            ; Off                 ; Off                   ;
; Show Parameter Settings Tables in Synthesis Report           ; On                  ; On                    ;
; Ignore Maximum Fan-Out Assignments                           ; Off                 ; Off                   ;
; Synchronization Register Chain Length                        ; 2                   ; 2                     ;
; PowerPlay Power Optimization                                 ; Normal compilation  ; Normal compilation    ;
; HDL message level                                            ; Level2              ; Level2                ;
; Suppress Register Optimization Related Messages              ; Off                 ; Off                   ;
; Number of Removed Registers Reported in Synthesis Report     ; 5000                ; 5000                  ;
; Number of Inverted Registers Reported in Synthesis Report    ; 100                 ; 100                   ;
; Clock MUX Protection                                         ; On                  ; On                    ;
; Block Design Naming                                          ; Auto                ; Auto                  ;
; Synthesis Effort                                             ; Auto                ; Auto                  ;
; Shift Register Replacement - Allow Asynchronous Clear Signal ; On                  ; On                    ;
; Analysis & Synthesis Message Level                           ; Medium              ; Medium                ;
+--------------------------------------------------------------+---------------------+-----------------------+


+--------------------------------------------------------------------------------------------------------------------------------------------------------+
; Analysis & Synthesis Source Files Read                                                                                                                 ;
+----------------------------------+-----------------+------------------------+--------------------------------------------------------------------------+
; File Name with User-Entered Path ; Used in Netlist ; File Type              ; File Name with Absolute Path                                             ;
+----------------------------------+-----------------+------------------------+--------------------------------------------------------------------------+
; ultrasonic-modem-300k.v          ; yes             ; User Verilog HDL File  ; D:/Projects/QuartusProject/ultrasonic-modem-300k/ultrasonic-modem-300k.v ;
; Verilog2.v                       ; yes             ; User Verilog HDL File  ; D:/Projects/QuartusProject/ultrasonic-modem-300k/Verilog2.v              ;
+----------------------------------+-----------------+------------------------+--------------------------------------------------------------------------+


+-----------------------------------------------------+
; Analysis & Synthesis Resource Usage Summary         ;
+---------------------------------------------+-------+
; Resource                                    ; Usage ;
+---------------------------------------------+-------+
; Total logic elements                        ; 85    ;
;     -- Combinational with no register       ; 36    ;
;     -- Register only                        ; 0     ;
;     -- Combinational with a register        ; 49    ;
;                                             ;       ;
; Logic element usage by number of LUT inputs ;       ;
;     -- 4 input functions                    ; 20    ;
;     -- 3 input functions                    ; 19    ;
;     -- 2 input functions                    ; 40    ;
;     -- 1 input functions                    ; 6     ;
;     -- 0 input functions                    ; 0     ;
;                                             ;       ;
; Logic elements by mode                      ;       ;
;     -- normal mode                          ; 42    ;
;     -- arithmetic mode                      ; 43    ;
;     -- qfbk mode                            ; 0     ;
;     -- register cascade mode                ; 0     ;
;     -- synchronous clear/load mode          ; 30    ;
;     -- asynchronous clear/load mode         ; 0     ;
;                                             ;       ;
; Total registers                             ; 49    ;
; Total logic cells in carry chains           ; 47    ;
; I/O pins                                    ; 6     ;
; Maximum fan-out node                        ; clk   ;
; Maximum fan-out                             ; 49    ;
; Total fan-out                               ; 328   ;
; Average fan-out                             ; 3.60  ;
+---------------------------------------------+-------+


+-------------------------------------------------------------------------------------------------------------------------------------------------------------------------------------------------------------------------------------------+
; Analysis & Synthesis Resource Utilization by Entity                                                                                                                                                                                       ;
+----------------------------+-------------+--------------+------------+------+--------------+--------------+-------------------+------------------+-----------------+------------+------------------------------------------+--------------+
; Compilation Hierarchy Node ; Logic Cells ; LC Registers ; UFM Blocks ; Pins ; Virtual Pins ; LUT-Only LCs ; Register-Only LCs ; LUT/Register LCs ; Carry Chain LCs ; Packed LCs ; Full Hierarchy Name                      ; Library Name ;
+----------------------------+-------------+--------------+------------+------+--------------+--------------+-------------------+------------------+-----------------+------------+------------------------------------------+--------------+
; |ultrasonicModem300k       ; 85 (19)     ; 49           ; 0          ; 6    ; 0            ; 36 (10)      ; 0 (0)             ; 49 (9)           ; 47 (8)          ; 0 (0)      ; |ultrasonicModem300k                     ; work         ;
;    |fsk_demodulator:dem|   ; 66 (66)     ; 40           ; 0          ; 0    ; 0            ; 26 (26)      ; 0 (0)             ; 40 (40)          ; 39 (39)         ; 0 (0)      ; |ultrasonicModem300k|fsk_demodulator:dem ; work         ;
+----------------------------+-------------+--------------+------------+------+--------------+--------------+-------------------+------------------+-----------------+------------+------------------------------------------+--------------+
Note: For table entries with two numbers listed, the numbers in parentheses indicate the number of resources of the given type used by the specific entity alone. The numbers listed outside of parentheses indicate the total resources of the given type used by the specific entity and all of its sub-entities in the hierarchy.


+------------------------------------------------------+
; General Register Statistics                          ;
+----------------------------------------------+-------+
; Statistic                                    ; Value ;
+----------------------------------------------+-------+
; Total registers                              ; 49    ;
; Number of registers using Synchronous Clear  ; 30    ;
; Number of registers using Synchronous Load   ; 0     ;
; Number of registers using Asynchronous Clear ; 0     ;
; Number of registers using Asynchronous Load  ; 0     ;
; Number of registers using Clock Enable       ; 24    ;
; Number of registers using Preset             ; 0     ;
+----------------------------------------------+-------+


+--------------------------------------------------+
; Inverted Register Statistics                     ;
+----------------------------------------+---------+
; Inverted Register                      ; Fan out ;
+----------------------------------------+---------+
; counter_bit[0]                         ; 3       ;
; counter_bit[1]                         ; 2       ;
; counter_bit[2]                         ; 2       ;
; counter_bit[3]                         ; 2       ;
; counter_bit[4]                         ; 2       ;
; counter_bit[6]                         ; 2       ;
; Total number of inverted registers = 6 ;         ;
+----------------------------------------+---------+


+----------------------------------------------------------------------------------------------------------------------------------------------------------------------------+
; Multiplexer Restructuring Statistics (Restructuring Performed)                                                                                                             ;
+--------------------+-----------+---------------+----------------------+------------------------+------------+--------------------------------------------------------------+
; Multiplexer Inputs ; Bus Width ; Baseline Area ; Area if Restructured ; Saving if Restructured ; Registered ; Example Multiplexer Output                                   ;
+--------------------+-----------+---------------+----------------------+------------------------+------------+--------------------------------------------------------------+
; 3:1                ; 14 bits   ; 28 LEs        ; 14 LEs               ; 14 LEs                 ; Yes        ; |ultrasonicModem300k|fsk_demodulator:dem|counter[7]          ;
; 4:1                ; 9 bits    ; 18 LEs        ; 9 LEs                ; 9 LEs                  ; Yes        ; |ultrasonicModem300k|fsk_demodulator:dem|periods_measured[3] ;
; 5:1                ; 16 bits   ; 48 LEs        ; 16 LEs               ; 32 LEs                 ; Yes        ; |ultrasonicModem300k|fsk_demodulator:dem|period_sum[15]      ;
+--------------------+-----------+---------------+----------------------+------------------------+------------+--------------------------------------------------------------+


+-------------------------------------------------------------------------------------+
; Parameter Settings for User Entity Instance: Top-level Entity: |ultrasonicModem300k ;
+------------------+-------+----------------------------------------------------------+
; Parameter Name   ; Value ; Type                                                     ;
+------------------+-------+----------------------------------------------------------+
; COUNTER_MAX_BIT0 ; 95    ; Signed Integer                                           ;
; COUNTER_MAX_BIT1 ; 89    ; Signed Integer                                           ;
+------------------+-------+----------------------------------------------------------+
Note: In order to hide this table in the UI and the text report file, please set the "Show Parameter Settings Tables in Synthesis Report" option in "Analysis and Synthesis Settings -> More Settings" to "Off".


+------------------------------------------------------------------+
; Parameter Settings for User Entity Instance: fsk_demodulator:dem ;
+--------------------+-------+-------------------------------------+
; Parameter Name     ; Value ; Type                                ;
+--------------------+-------+-------------------------------------+
; COUNTER_MAX        ; 10000 ; Signed Integer                      ;
; PERIODS_TO_MEASURE ; 2     ; Signed Integer                      ;
; THRESHOLD0         ; 160   ; Signed Integer                      ;
; THRESHOLD1         ; 186   ; Signed Integer                      ;
; THRESHOLD2         ; 97    ; Signed Integer                      ;
; THRESHOLD3         ; 103   ; Signed Integer                      ;
; PERIODS_NOISE      ; 10    ; Signed Integer                      ;
+--------------------+-------+-------------------------------------+
Note: In order to hide this table in the UI and the text report file, please set the "Show Parameter Settings Tables in Synthesis Report" option in "Analysis and Synthesis Settings -> More Settings" to "Off".


+-------------------------------+
; Analysis & Synthesis Messages ;
+-------------------------------+
Info: *******************************************************************
Info: Running Quartus II Analysis & Synthesis
    Info: Version 9.0 Build 235 06/17/2009 Service Pack 2 SJ Web Edition
    Info: Processing started: Tue Mar 26 17:57:08 2024
Info: Command: quartus_map --read_settings_files=on --write_settings_files=off ultrasonic-modem-300k -c ultrasonic-modem-300k
Warning (10275): Verilog HDL Module Instantiation warning at ultrasonic-modem-300k.v(38): ignored dangling comma in List of Port Connections
Info: Found 1 design units, including 1 entities, in source file ultrasonic-modem-300k.v
    Info: Found entity 1: ultrasonicModem300k
Info: Found 1 design units, including 1 entities, in source file Verilog2.v
    Info: Found entity 1: fsk_demodulator
Info: Elaborating entity "ultrasonicModem300k" for the top level hierarchy
Warning (10230): Verilog HDL assignment warning at ultrasonic-modem-300k.v(13): truncated value with size 32 to match size of target (8)
Warning (10230): Verilog HDL assignment warning at ultrasonic-modem-300k.v(62): truncated value with size 32 to match size of target (8)
Warning (10230): Verilog HDL assignment warning at ultrasonic-modem-300k.v(65): truncated value with size 32 to match size of target (8)
Info: Elaborating entity "fsk_demodulator" for hierarchy "fsk_demodulator:dem"
Warning (10036): Verilog HDL or VHDL warning at Verilog2.v(18): object "fsk_in_last" assigned a value but never read
Warning (10230): Verilog HDL assignment warning at Verilog2.v(35): truncated value with size 32 to match size of target (9)
Warning (10230): Verilog HDL assignment warning at Verilog2.v(40): truncated value with size 32 to match size of target (14)
Warning: Design contains 1 input pin(s) that do not drive logic
    Warning (15610): No output dependent on input pin "fsk_in"
Info: Implemented 91 device resources after synthesis - the final resource count might be different
    Info: Implemented 4 input pins
    Info: Implemented 2 output pins
    Info: Implemented 85 logic cells
Info: Generated suppressed messages file D:/Projects/QuartusProject/ultrasonic-modem-300k/ultrasonic-modem-300k.map.smsg
Info: Quartus II Analysis & Synthesis was successful. 0 errors, 9 warnings
    Info: Peak virtual memory: 228 megabytes
    Info: Processing ended: Tue Mar 26 17:57:09 2024
    Info: Elapsed time: 00:00:01
    Info: Total CPU time (on all processors): 00:00:00


+------------------------------------------+
; Analysis & Synthesis Suppressed Messages ;
+------------------------------------------+
The suppressed messages can be found in D:/Projects/QuartusProject/ultrasonic-modem-300k/ultrasonic-modem-300k.map.smsg.


